have_header: checking for ruby/thread.h... -------------------- no

"gcc -o conftest -I/Users/ericclaus/.rbenv/versions/1.9.3-p547/include/ruby-1.9.1/x86_64-darwin13.2.0 -I/Users/ericclaus/.rbenv/versions/1.9.3-p547/include/ruby-1.9.1/ruby/backward -I/Users/ericclaus/.rbenv/versions/1.9.3-p547/include/ruby-1.9.1 -I. -I/Users/ericclaus/.rbenv/versions/1.9.3-p547/include  -D_XOPEN_SOURCE -D_DARWIN_C_SOURCE  -I/Users/ericclaus/.rbenv/versions/1.9.3-p547/include   -O3 -Wno-error=shorten-64-to-32  -pipe conftest.c  -L. -L/Users/ericclaus/.rbenv/versions/1.9.3-p547/lib -L. -L/Users/ericclaus/.rbenv/versions/1.9.3-p547/lib      -lruby-static  -lpthread -ldl -lobjc "
checked program was:
/* begin */
1: #include "ruby.h"
2: 
3: int main(int argc, char **argv)
4: {
5:   return 0;
6: }
/* end */

"gcc -E -I/Users/ericclaus/.rbenv/versions/1.9.3-p547/include/ruby-1.9.1/x86_64-darwin13.2.0 -I/Users/ericclaus/.rbenv/versions/1.9.3-p547/include/ruby-1.9.1/ruby/backward -I/Users/ericclaus/.rbenv/versions/1.9.3-p547/include/ruby-1.9.1 -I. -I/Users/ericclaus/.rbenv/versions/1.9.3-p547/include  -D_XOPEN_SOURCE -D_DARWIN_C_SOURCE  -I/Users/ericclaus/.rbenv/versions/1.9.3-p547/include   -O3 -Wno-error=shorten-64-to-32  -pipe  conftest.c -o conftest.i"
conftest.c:3:10: fatal error: 'ruby/thread.h' file not found
#include <ruby/thread.h>
         ^
1 error generated.
checked program was:
/* begin */
1: #include "ruby.h"
2: 
3: #include <ruby/thread.h>
/* end */

--------------------

have_func: checking for rb_thread_blocking_region()... -------------------- yes

"gcc -o conftest -I/Users/ericclaus/.rbenv/versions/1.9.3-p547/include/ruby-1.9.1/x86_64-darwin13.2.0 -I/Users/ericclaus/.rbenv/versions/1.9.3-p547/include/ruby-1.9.1/ruby/backward -I/Users/ericclaus/.rbenv/versions/1.9.3-p547/include/ruby-1.9.1 -I. -I/Users/ericclaus/.rbenv/versions/1.9.3-p547/include  -D_XOPEN_SOURCE -D_DARWIN_C_SOURCE  -I/Users/ericclaus/.rbenv/versions/1.9.3-p547/include   -O3 -Wno-error=shorten-64-to-32  -pipe conftest.c  -L. -L/Users/ericclaus/.rbenv/versions/1.9.3-p547/lib -L. -L/Users/ericclaus/.rbenv/versions/1.9.3-p547/lib      -lruby-static  -lpthread -ldl -lobjc "
checked program was:
/* begin */
 1: #include "ruby.h"
 2: 
 3: /*top*/
 4: int t() { void ((*volatile p)()); p = (void ((*)()))rb_thread_blocking_region; return 0; }
 5: int main(int argc, char **argv)
 6: {
 7:   if (argc > 1000000) {
 8:     printf("%p", &t);
 9:   }
10: 
11:   return 0;
12: }
/* end */

--------------------

have_func: checking for rb_wait_for_single_fd()... -------------------- yes

"gcc -o conftest -I/Users/ericclaus/.rbenv/versions/1.9.3-p547/include/ruby-1.9.1/x86_64-darwin13.2.0 -I/Users/ericclaus/.rbenv/versions/1.9.3-p547/include/ruby-1.9.1/ruby/backward -I/Users/ericclaus/.rbenv/versions/1.9.3-p547/include/ruby-1.9.1 -I. -I/Users/ericclaus/.rbenv/versions/1.9.3-p547/include  -D_XOPEN_SOURCE -D_DARWIN_C_SOURCE  -I/Users/ericclaus/.rbenv/versions/1.9.3-p547/include   -O3 -Wno-error=shorten-64-to-32  -pipe conftest.c  -L. -L/Users/ericclaus/.rbenv/versions/1.9.3-p547/lib -L. -L/Users/ericclaus/.rbenv/versions/1.9.3-p547/lib      -lruby-static  -lpthread -ldl -lobjc "
conftest.c:4:53: error: use of undeclared identifier 'rb_wait_for_single_fd'
int t() { void ((*volatile p)()); p = (void ((*)()))rb_wait_for_single_fd; return 0; }
                                                    ^
1 error generated.
checked program was:
/* begin */
 1: #include "ruby.h"
 2: 
 3: /*top*/
 4: int t() { void ((*volatile p)()); p = (void ((*)()))rb_wait_for_single_fd; return 0; }
 5: int main(int argc, char **argv)
 6: {
 7:   if (argc > 1000000) {
 8:     printf("%p", &t);
 9:   }
10: 
11:   return 0;
12: }
/* end */

"gcc -o conftest -I/Users/ericclaus/.rbenv/versions/1.9.3-p547/include/ruby-1.9.1/x86_64-darwin13.2.0 -I/Users/ericclaus/.rbenv/versions/1.9.3-p547/include/ruby-1.9.1/ruby/backward -I/Users/ericclaus/.rbenv/versions/1.9.3-p547/include/ruby-1.9.1 -I. -I/Users/ericclaus/.rbenv/versions/1.9.3-p547/include  -D_XOPEN_SOURCE -D_DARWIN_C_SOURCE  -I/Users/ericclaus/.rbenv/versions/1.9.3-p547/include   -O3 -Wno-error=shorten-64-to-32  -pipe conftest.c  -L. -L/Users/ericclaus/.rbenv/versions/1.9.3-p547/lib -L. -L/Users/ericclaus/.rbenv/versions/1.9.3-p547/lib      -lruby-static  -lpthread -ldl -lobjc "
conftest.c:4:11: warning: implicit declaration of function 'rb_wait_for_single_fd' is invalid in C99 [-Wimplicit-function-declaration]
int t() { rb_wait_for_single_fd(); return 0; }
          ^
1 warning generated.
checked program was:
/* begin */
 1: #include "ruby.h"
 2: 
 3: /*top*/
 4: int t() { rb_wait_for_single_fd(); return 0; }
 5: int main(int argc, char **argv)
 6: {
 7:   if (argc > 1000000) {
 8:     printf("%p", &t);
 9:   }
10: 
11:   return 0;
12: }
/* end */

--------------------

have_func: checking for rb_hash_dup()... -------------------- yes

"gcc -o conftest -I/Users/ericclaus/.rbenv/versions/1.9.3-p547/include/ruby-1.9.1/x86_64-darwin13.2.0 -I/Users/ericclaus/.rbenv/versions/1.9.3-p547/include/ruby-1.9.1/ruby/backward -I/Users/ericclaus/.rbenv/versions/1.9.3-p547/include/ruby-1.9.1 -I. -I/Users/ericclaus/.rbenv/versions/1.9.3-p547/include  -D_XOPEN_SOURCE -D_DARWIN_C_SOURCE  -I/Users/ericclaus/.rbenv/versions/1.9.3-p547/include   -O3 -Wno-error=shorten-64-to-32  -pipe conftest.c  -L. -L/Users/ericclaus/.rbenv/versions/1.9.3-p547/lib -L. -L/Users/ericclaus/.rbenv/versions/1.9.3-p547/lib      -lruby-static  -lpthread -ldl -lobjc "
checked program was:
/* begin */
 1: #include "ruby.h"
 2: 
 3: /*top*/
 4: int t() { void ((*volatile p)()); p = (void ((*)()))rb_hash_dup; return 0; }
 5: int main(int argc, char **argv)
 6: {
 7:   if (argc > 1000000) {
 8:     printf("%p", &t);
 9:   }
10: 
11:   return 0;
12: }
/* end */

--------------------

have_func: checking for rb_intern3()... -------------------- yes

"gcc -o conftest -I/Users/ericclaus/.rbenv/versions/1.9.3-p547/include/ruby-1.9.1/x86_64-darwin13.2.0 -I/Users/ericclaus/.rbenv/versions/1.9.3-p547/include/ruby-1.9.1/ruby/backward -I/Users/ericclaus/.rbenv/versions/1.9.3-p547/include/ruby-1.9.1 -I. -I/Users/ericclaus/.rbenv/versions/1.9.3-p547/include  -D_XOPEN_SOURCE -D_DARWIN_C_SOURCE  -I/Users/ericclaus/.rbenv/versions/1.9.3-p547/include   -O3 -Wno-error=shorten-64-to-32  -pipe conftest.c  -L. -L/Users/ericclaus/.rbenv/versions/1.9.3-p547/lib -L. -L/Users/ericclaus/.rbenv/versions/1.9.3-p547/lib      -lruby-static  -lpthread -ldl -lobjc "
conftest.c:4:53: error: use of undeclared identifier 'rb_intern3'
int t() { void ((*volatile p)()); p = (void ((*)()))rb_intern3; return 0; }
                                                    ^
1 error generated.
checked program was:
/* begin */
 1: #include "ruby.h"
 2: 
 3: /*top*/
 4: int t() { void ((*volatile p)()); p = (void ((*)()))rb_intern3; return 0; }
 5: int main(int argc, char **argv)
 6: {
 7:   if (argc > 1000000) {
 8:     printf("%p", &t);
 9:   }
10: 
11:   return 0;
12: }
/* end */

"gcc -o conftest -I/Users/ericclaus/.rbenv/versions/1.9.3-p547/include/ruby-1.9.1/x86_64-darwin13.2.0 -I/Users/ericclaus/.rbenv/versions/1.9.3-p547/include/ruby-1.9.1/ruby/backward -I/Users/ericclaus/.rbenv/versions/1.9.3-p547/include/ruby-1.9.1 -I. -I/Users/ericclaus/.rbenv/versions/1.9.3-p547/include  -D_XOPEN_SOURCE -D_DARWIN_C_SOURCE  -I/Users/ericclaus/.rbenv/versions/1.9.3-p547/include   -O3 -Wno-error=shorten-64-to-32  -pipe conftest.c  -L. -L/Users/ericclaus/.rbenv/versions/1.9.3-p547/lib -L. -L/Users/ericclaus/.rbenv/versions/1.9.3-p547/lib      -lruby-static  -lpthread -ldl -lobjc "
conftest.c:4:11: warning: implicit declaration of function 'rb_intern3' is invalid in C99 [-Wimplicit-function-declaration]
int t() { rb_intern3(); return 0; }
          ^
1 warning generated.
checked program was:
/* begin */
 1: #include "ruby.h"
 2: 
 3: /*top*/
 4: int t() { rb_intern3(); return 0; }
 5: int main(int argc, char **argv)
 6: {
 7:   if (argc > 1000000) {
 8:     printf("%p", &t);
 9:   }
10: 
11:   return 0;
12: }
/* end */

--------------------

have_header: checking for mysql.h... -------------------- yes

"gcc -E -I/Users/ericclaus/.rbenv/versions/1.9.3-p547/include/ruby-1.9.1/x86_64-darwin13.2.0 -I/Users/ericclaus/.rbenv/versions/1.9.3-p547/include/ruby-1.9.1/ruby/backward -I/Users/ericclaus/.rbenv/versions/1.9.3-p547/include/ruby-1.9.1 -I. -I/usr/local/Cellar/mysql/5.6.20/include/mysql -I/Users/ericclaus/.rbenv/versions/1.9.3-p547/include  -D_XOPEN_SOURCE -D_DARWIN_C_SOURCE  -I/Users/ericclaus/.rbenv/versions/1.9.3-p547/include   -O3 -Wno-error=shorten-64-to-32  -pipe  conftest.c -o conftest.i"
checked program was:
/* begin */
1: #include "ruby.h"
2: 
3: #include <mysql.h>
/* end */

--------------------

have_header: checking for errmsg.h... -------------------- yes

"gcc -E -I/Users/ericclaus/.rbenv/versions/1.9.3-p547/include/ruby-1.9.1/x86_64-darwin13.2.0 -I/Users/ericclaus/.rbenv/versions/1.9.3-p547/include/ruby-1.9.1/ruby/backward -I/Users/ericclaus/.rbenv/versions/1.9.3-p547/include/ruby-1.9.1 -I. -I/usr/local/Cellar/mysql/5.6.20/include/mysql -I/Users/ericclaus/.rbenv/versions/1.9.3-p547/include  -D_XOPEN_SOURCE -D_DARWIN_C_SOURCE  -I/Users/ericclaus/.rbenv/versions/1.9.3-p547/include   -O3 -Wno-error=shorten-64-to-32  -pipe  conftest.c -o conftest.i"
checked program was:
/* begin */
1: #include "ruby.h"
2: 
3: #include <errmsg.h>
/* end */

--------------------

have_header: checking for mysqld_error.h... -------------------- yes

"gcc -E -I/Users/ericclaus/.rbenv/versions/1.9.3-p547/include/ruby-1.9.1/x86_64-darwin13.2.0 -I/Users/ericclaus/.rbenv/versions/1.9.3-p547/include/ruby-1.9.1/ruby/backward -I/Users/ericclaus/.rbenv/versions/1.9.3-p547/include/ruby-1.9.1 -I. -I/usr/local/Cellar/mysql/5.6.20/include/mysql -I/Users/ericclaus/.rbenv/versions/1.9.3-p547/include  -D_XOPEN_SOURCE -D_DARWIN_C_SOURCE  -I/Users/ericclaus/.rbenv/versions/1.9.3-p547/include   -O3 -Wno-error=shorten-64-to-32  -pipe  conftest.c -o conftest.i"
checked program was:
/* begin */
1: #include "ruby.h"
2: 
3: #include <mysqld_error.h>
/* end */

--------------------

"gcc -o conftest -I/Users/ericclaus/.rbenv/versions/1.9.3-p547/include/ruby-1.9.1/x86_64-darwin13.2.0 -I/Users/ericclaus/.rbenv/versions/1.9.3-p547/include/ruby-1.9.1/ruby/backward -I/Users/ericclaus/.rbenv/versions/1.9.3-p547/include/ruby-1.9.1 -I. -I/usr/local/Cellar/mysql/5.6.20/include/mysql -I/Users/ericclaus/.rbenv/versions/1.9.3-p547/include  -D_XOPEN_SOURCE -D_DARWIN_C_SOURCE  -I/Users/ericclaus/.rbenv/versions/1.9.3-p547/include   -O3 -Wno-error=shorten-64-to-32  -pipe conftest.c  -L. -L/Users/ericclaus/.rbenv/versions/1.9.3-p547/lib -L. -L/Users/ericclaus/.rbenv/versions/1.9.3-p547/lib     -L/usr/local/Cellar/mysql/5.6.20/lib  -lmysqlclient  -lssl -lcrypto  -lruby-static  -Wall -funroll-loops -lpthread -ldl -lobjc "
checked program was:
/* begin */
1: #include "ruby.h"
2: 
3: int main() {return 0;}
/* end */

"gcc -o conftest -I/Users/ericclaus/.rbenv/versions/1.9.3-p547/include/ruby-1.9.1/x86_64-darwin13.2.0 -I/Users/ericclaus/.rbenv/versions/1.9.3-p547/include/ruby-1.9.1/ruby/backward -I/Users/ericclaus/.rbenv/versions/1.9.3-p547/include/ruby-1.9.1 -I. -I/usr/local/Cellar/mysql/5.6.20/include/mysql -I/Users/ericclaus/.rbenv/versions/1.9.3-p547/include  -D_XOPEN_SOURCE -D_DARWIN_C_SOURCE  -I/Users/ericclaus/.rbenv/versions/1.9.3-p547/include   -O3 -Wno-error=shorten-64-to-32  -pipe -Wall -funroll-loops conftest.c  -L. -L/Users/ericclaus/.rbenv/versions/1.9.3-p547/lib -L. -L/Users/ericclaus/.rbenv/versions/1.9.3-p547/lib     -L/usr/local/Cellar/mysql/5.6.20/lib  -lmysqlclient  -lssl -lcrypto  -lruby-static  -Wl,-rpath,/usr/local/Cellar/mysql/5.6.20/lib -lpthread -ldl -lobjc "
checked program was:
/* begin */
1: #include "ruby.h"
2: 
3: int main() {return 0;}
/* end */

